 INFO [Thread-1] 2014-11-27 14:32:48,317 SearchLuceneHandler.java (line 75) org.apache.lucene.queryparser.classic.ParseException: Encountered "<EOF>" at line 1, column 0.
Was expecting one of:
    <BAREOPER> ...
    "(" ...
    "*" ...
    <QUOTED> ...
    <TERM> ...
    <PREFIXTERM> ...
    <WILDTERM> ...
    <REGEXPTERM> ...
    "[" ...
    "{" ...
    <NUMBER> ...
    <TERM> ...
    "*" ...
    
 INFO [Thread-1] 2014-11-27 14:33:42,840 SearchLuceneHandler.java (line 75) org.apache.lucene.queryparser.classic.ParseException: Encountered "<EOF>" at line 1, column 0.
Was expecting one of:
    <BAREOPER> ...
    "*" ...
    <QUOTED> ...
    <TERM> ...
    <PREFIXTERM> ...
    <WILDTERM> ...
    <REGEXPTERM> ...
    "[" ...
    "{" ...
    <NUMBER> ...
    
